TN:
SF:src/ee.ts
FN:12,nullObj
FN:19,(anonymous_1)
FN:29,(anonymous_3)
FN:53,(anonymous_4)
FN:58,(anonymous_5)
FN:65,(anonymous_6)
FN:77,(anonymous_7)
FN:91,(anonymous_8)
FN:96,(anonymous_9)
FN:103,(anonymous_10)
FN:110,(anonymous_11)
FN:115,(anonymous_12)
FN:125,(anonymous_13)
FN:130,(anonymous_14)
FN:134,(anonymous_15)
FN:139,(anonymous_16)
FN:144,(anonymous_17)
FN:145,(anonymous_18)
FN:151,(anonymous_19)
FNF:19
FNH:12
FNDA:37,nullObj
FNDA:37,(anonymous_1)
FNDA:3711,(anonymous_3)
FNDA:41,(anonymous_4)
FNDA:9,(anonymous_5)
FNDA:50,(anonymous_6)
FNDA:4,(anonymous_7)
FNDA:0,(anonymous_8)
FNDA:0,(anonymous_9)
FNDA:0,(anonymous_10)
FNDA:0,(anonymous_11)
FNDA:4,(anonymous_12)
FNDA:0,(anonymous_13)
FNDA:0,(anonymous_14)
FNDA:17,(anonymous_15)
FNDA:0,(anonymous_16)
FNDA:7,(anonymous_17)
FNDA:8,(anonymous_18)
FNDA:6,(anonymous_19)
DA:2,2
DA:13,37
DA:14,37
DA:15,37
DA:19,2
DA:20,35
DA:27,35
DA:29,2
DA:31,7451
DA:33,3711
DA:34,3710
DA:36,3701
DA:37,3729
DA:38,25
DA:40,6
DA:41,6
DA:42,6
DA:43,6
DA:46,4
DA:48,25
DA:50,9
DA:53,2
DA:54,41
DA:55,40
DA:58,2
DA:59,9
DA:60,9
DA:61,9
DA:62,9
DA:65,2
DA:66,50
DA:67,49
DA:68,49
DA:69,49
DA:70,0
DA:71,0
DA:73,49
DA:74,49
DA:77,2
DA:78,4
DA:79,4
DA:80,3
DA:81,3
DA:82,2
DA:84,2
DA:85,2
DA:88,4
DA:91,2
DA:92,0
DA:93,0
DA:96,2
DA:97,0
DA:98,0
DA:99,0
DA:100,0
DA:103,2
DA:104,0
DA:105,0
DA:106,0
DA:107,0
DA:110,2
DA:111,0
DA:112,0
DA:115,2
DA:116,4
DA:117,2
DA:119,2
DA:120,2
DA:122,4
DA:125,2
DA:126,0
DA:127,0
DA:130,2
DA:131,0
DA:134,2
DA:135,17
DA:136,17
DA:139,2
DA:140,0
DA:141,0
DA:144,7
DA:145,7
DA:146,8
DA:147,8
DA:151,2
DA:152,6
DA:153,6
DA:155,2
LF:88
LH:69
BRDA:13,0,0,0
BRDA:13,0,1,37
BRDA:34,1,0,3701
BRDA:34,1,1,9
BRDA:38,2,0,4
BRDA:38,2,1,21
BRDA:42,3,0,6
BRDA:42,3,1,0
BRDA:66,4,0,1
BRDA:66,4,1,49
BRDA:68,5,0,39
BRDA:68,5,1,10
BRDA:69,6,0,0
BRDA:69,6,1,49
BRDA:69,7,0,49
BRDA:69,7,1,0
BRDA:79,8,0,3
BRDA:79,8,1,1
BRDA:81,9,0,2
BRDA:81,9,1,1
BRDA:85,10,0,0
BRDA:85,10,1,2
BRDA:93,11,0,0
BRDA:93,11,1,0
BRDA:98,12,0,0
BRDA:98,12,1,0
BRDA:116,13,0,2
BRDA:116,13,1,2
BRDA:136,14,0,7
BRDA:136,14,1,10
BRDA:141,15,0,0
BRDA:141,15,1,0
BRDA:146,16,0,8
BRDA:146,16,1,0
BRDA:153,17,0,3
BRDA:153,17,1,3
BRF:36
BRH:24
end_of_record
TN:
SF:src/index.ts
FNF:0
FNH:0
DA:1,2
DA:2,2
LF:2
LH:2
BRF:0
BRH:0
end_of_record
TN:
SF:src/symbol_str_mapping.ts
FN:7,symbolToString
FN:19,stringToSymbol
FNF:2
FNH:2
FNDA:3797,symbolToString
FNDA:8,stringToSymbol
DA:5,2
DA:7,2
DA:8,3797
DA:10,17
DA:11,17
DA:13,6
DA:14,6
DA:16,6
DA:19,2
DA:20,8
DA:21,8
DA:22,2
LF:12
LH:12
BRDA:8,0,0,3780
BRDA:8,0,1,17
BRDA:11,1,0,11
BRDA:11,1,1,6
BRDA:21,2,0,6
BRDA:21,2,1,2
BRF:6
BRH:6
end_of_record
TN:
SF:src/types.ts
FN:50,asTypedEventEmitter
FNF:1
FNH:0
FNDA:0,asTypedEventEmitter
DA:50,2
DA:51,0
LF:2
LH:1
BRF:0
BRH:0
end_of_record
